<?xml version="1.0" encoding="UTF-8"?>
<!-- Generated by org.testng.reporters.JUnitReportReporter -->
<testsuite hostname="LAPTOP-RNF7R3U9" failures="0" tests="1" name="Tests.Test1" time="26.884" errors="0" timestamp="2021-04-03T11:19:21 EDT" skipped="0">
  <testcase classname="Tests.Test1" name="test" time="26.884"/>
  <system-out/>
</testsuite> <!-- Tests.Test1 -->
