<?xml version="1.0" encoding="UTF-8"?>
<!-- Generated by org.testng.reporters.JUnitReportReporter -->
<testsuite hostname="LAPTOP-RNF7R3U9" failures="0" tests="1" name="Tests.Test2" time="1.811" errors="0" timestamp="2021-03-27T19:19:48 EDT" skipped="0">
  <testcase classname="Tests.Test2" name="test" time="1.811"/>
  <system-out/>
</testsuite> <!-- Tests.Test2 -->
